[2025-02-28T19:37:39.711+0000] {manager.py:483} INFO - Processing files using up to 2 processes at a time 
[2025-02-28T19:37:39.712+0000] {manager.py:484} INFO - Process each file at most once every 30 seconds
[2025-02-28T19:37:39.712+0000] {manager.py:485} INFO - Checking for new files in /opt/airflow/dags every 300 seconds
[2025-02-28T19:37:39.713+0000] {manager.py:821} INFO - Searching for files in /opt/airflow/dags
[2025-02-28T19:37:39.949+0000] {manager.py:824} INFO - There are 1 files in /opt/airflow/dags
[2025-02-28T19:37:41.598+0000] {manager.py:997} INFO - 
================================================================================
DAG File Processing Stats

File Path                    PID    Runtime      # DAGs    # Errors  Last Runtime    Last Run               Last # of DB Queries
---------------------------  -----  ---------  --------  ----------  --------------  -------------------  ----------------------
/opt/airflow/dags/dag_ex.py                           0           1  0.49s           2025-02-28T19:37:40                       3
================================================================================
[2025-02-28T19:38:11.795+0000] {manager.py:997} INFO - 
================================================================================
DAG File Processing Stats

File Path                    PID    Runtime      # DAGs    # Errors  Last Runtime    Last Run               Last # of DB Queries
---------------------------  -----  ---------  --------  ----------  --------------  -------------------  ----------------------
/opt/airflow/dags/dag_ex.py                           0           1  0.12s           2025-02-28T19:38:10                       5
================================================================================
[2025-02-28T19:38:42.045+0000] {manager.py:997} INFO - 
================================================================================
DAG File Processing Stats

File Path                    PID    Runtime      # DAGs    # Errors  Last Runtime    Last Run               Last # of DB Queries
---------------------------  -----  ---------  --------  ----------  --------------  -------------------  ----------------------
/opt/airflow/dags/dag_ex.py                           0           1  0.07s           2025-02-28T19:38:41                       5
================================================================================
[2025-02-28T19:39:12.231+0000] {manager.py:997} INFO - 
================================================================================
DAG File Processing Stats

File Path                    PID    Runtime      # DAGs    # Errors  Last Runtime    Last Run               Last # of DB Queries
---------------------------  -----  ---------  --------  ----------  --------------  -------------------  ----------------------
/opt/airflow/dags/dag_ex.py                           0           1  0.08s           2025-02-28T19:39:11                       5
================================================================================
[2025-02-28T19:39:42.447+0000] {manager.py:997} INFO - 
================================================================================
DAG File Processing Stats

File Path                    PID    Runtime      # DAGs    # Errors  Last Runtime    Last Run               Last # of DB Queries
---------------------------  -----  ---------  --------  ----------  --------------  -------------------  ----------------------
/opt/airflow/dags/dag_ex.py                           0           1  0.08s           2025-02-28T19:39:41                       5
================================================================================
[2025-02-28T19:40:12.652+0000] {manager.py:997} INFO - 
================================================================================
DAG File Processing Stats

File Path                    PID    Runtime      # DAGs    # Errors  Last Runtime    Last Run               Last # of DB Queries
---------------------------  -----  ---------  --------  ----------  --------------  -------------------  ----------------------
/opt/airflow/dags/dag_ex.py                           0           1  0.11s           2025-02-28T19:40:11                       5
================================================================================
[2025-02-28T19:40:42.719+0000] {manager.py:997} INFO - 
================================================================================
DAG File Processing Stats

File Path                    PID    Runtime      # DAGs    # Errors  Last Runtime    Last Run               Last # of DB Queries
---------------------------  -----  ---------  --------  ----------  --------------  -------------------  ----------------------
/opt/airflow/dags/dag_ex.py                           0           1  0.88s           2025-02-28T19:40:42                       5
================================================================================
[2025-02-28T19:40:57.535+0000] {manager.py:465} INFO - Exiting gracefully upon receiving signal 15
[2025-02-28T19:42:33.796+0000] {manager.py:483} INFO - Processing files using up to 2 processes at a time 
[2025-02-28T19:42:33.798+0000] {manager.py:484} INFO - Process each file at most once every 30 seconds
[2025-02-28T19:42:33.799+0000] {manager.py:485} INFO - Checking for new files in /opt/airflow/dags every 300 seconds
[2025-02-28T19:42:33.799+0000] {manager.py:821} INFO - Searching for files in /opt/airflow/dags
[2025-02-28T19:42:33.914+0000] {manager.py:824} INFO - There are 1 files in /opt/airflow/dags
[2025-02-28T19:42:33.982+0000] {manager.py:997} INFO - 
================================================================================
DAG File Processing Stats

File Path                      PID  Runtime      # DAGs    # Errors  Last Runtime    Last Run      Last # of DB Queries
---------------------------  -----  ---------  --------  ----------  --------------  ----------  ----------------------
/opt/airflow/dags/dag_ex.py     40  0.02s             0           0                                                   0
================================================================================
[2025-02-28T19:43:04.139+0000] {manager.py:997} INFO - 
================================================================================
DAG File Processing Stats

File Path                    PID    Runtime      # DAGs    # Errors  Last Runtime    Last Run               Last # of DB Queries
---------------------------  -----  ---------  --------  ----------  --------------  -------------------  ----------------------
/opt/airflow/dags/dag_ex.py                           0           1  0.70s           2025-02-28T19:42:34                       5
================================================================================
[2025-04-22T15:03:08.633+0000] {manager.py:483} INFO - Processing files using up to 2 processes at a time 
[2025-04-22T15:03:08.634+0000] {manager.py:484} INFO - Process each file at most once every 30 seconds
[2025-04-22T15:03:08.635+0000] {manager.py:485} INFO - Checking for new files in /opt/airflow/dags every 300 seconds
[2025-04-22T15:03:08.635+0000] {manager.py:821} INFO - Searching for files in /opt/airflow/dags
[2025-04-22T15:03:08.893+0000] {manager.py:824} INFO - There are 1 files in /opt/airflow/dags
[2025-04-22T15:03:11.985+0000] {manager.py:997} INFO - 
================================================================================
DAG File Processing Stats

File Path                    PID    Runtime      # DAGs    # Errors  Last Runtime    Last Run               Last # of DB Queries
---------------------------  -----  ---------  --------  ----------  --------------  -------------------  ----------------------
/opt/airflow/dags/dag_ex.py                           0           1  0.72s           2025-04-22T15:03:09                       5
================================================================================
[2025-04-22T15:03:42.143+0000] {manager.py:997} INFO - 
================================================================================
DAG File Processing Stats

File Path                    PID    Runtime      # DAGs    # Errors  Last Runtime    Last Run               Last # of DB Queries
---------------------------  -----  ---------  --------  ----------  --------------  -------------------  ----------------------
/opt/airflow/dags/dag_ex.py                           0           1  0.55s           2025-04-22T15:03:40                       5
================================================================================
[2025-04-22T15:04:12.555+0000] {manager.py:997} INFO - 
================================================================================
DAG File Processing Stats

File Path                    PID    Runtime      # DAGs    # Errors  Last Runtime    Last Run               Last # of DB Queries
---------------------------  -----  ---------  --------  ----------  --------------  -------------------  ----------------------
/opt/airflow/dags/dag_ex.py                           0           1  0.55s           2025-04-22T15:04:11                       5
================================================================================
[2025-04-22T15:04:42.721+0000] {manager.py:997} INFO - 
================================================================================
DAG File Processing Stats

File Path                    PID    Runtime      # DAGs    # Errors  Last Runtime    Last Run               Last # of DB Queries
---------------------------  -----  ---------  --------  ----------  --------------  -------------------  ----------------------
/opt/airflow/dags/dag_ex.py                           0           1  0.55s           2025-04-22T15:04:41                       5
================================================================================
[2025-04-22T15:05:12.964+0000] {manager.py:997} INFO - 
================================================================================
DAG File Processing Stats

File Path                    PID    Runtime      # DAGs    # Errors  Last Runtime    Last Run               Last # of DB Queries
---------------------------  -----  ---------  --------  ----------  --------------  -------------------  ----------------------
/opt/airflow/dags/dag_ex.py                           0           1  0.54s           2025-04-22T15:05:12                       5
================================================================================
[2025-04-22T15:05:43.130+0000] {manager.py:997} INFO - 
================================================================================
DAG File Processing Stats

File Path                    PID    Runtime      # DAGs    # Errors  Last Runtime    Last Run               Last # of DB Queries
---------------------------  -----  ---------  --------  ----------  --------------  -------------------  ----------------------
/opt/airflow/dags/dag_ex.py                           0           1  0.52s           2025-04-22T15:05:43                       5
================================================================================
[2025-04-22T15:06:13.303+0000] {manager.py:997} INFO - 
================================================================================
DAG File Processing Stats

File Path                      PID  Runtime      # DAGs    # Errors  Last Runtime    Last Run               Last # of DB Queries
---------------------------  -----  ---------  --------  ----------  --------------  -------------------  ----------------------
/opt/airflow/dags/dag_ex.py     52  0.00s             0           1  0.52s           2025-04-22T15:05:43                       5
================================================================================
[2025-04-22T15:06:43.947+0000] {manager.py:997} INFO - 
================================================================================
DAG File Processing Stats

File Path                      PID  Runtime      # DAGs    # Errors  Last Runtime    Last Run               Last # of DB Queries
---------------------------  -----  ---------  --------  ----------  --------------  -------------------  ----------------------
/opt/airflow/dags/dag_ex.py     54  0.00s             0           1  0.55s           2025-04-22T15:06:13                       5
================================================================================
[2025-04-22T15:07:14.176+0000] {manager.py:997} INFO - 
================================================================================
DAG File Processing Stats

File Path                    PID    Runtime      # DAGs    # Errors  Last Runtime    Last Run               Last # of DB Queries
---------------------------  -----  ---------  --------  ----------  --------------  -------------------  ----------------------
/opt/airflow/dags/dag_ex.py                           0           1  0.53s           2025-04-22T15:06:44                       5
================================================================================
[2025-04-22T15:07:44.348+0000] {manager.py:997} INFO - 
================================================================================
DAG File Processing Stats

File Path                    PID    Runtime      # DAGs    # Errors  Last Runtime    Last Run               Last # of DB Queries
---------------------------  -----  ---------  --------  ----------  --------------  -------------------  ----------------------
/opt/airflow/dags/dag_ex.py                           0           1  0.54s           2025-04-22T15:07:15                       5
================================================================================
[2025-04-22T15:08:09.256+0000] {manager.py:821} INFO - Searching for files in /opt/airflow/dags
[2025-04-22T15:08:09.351+0000] {manager.py:824} INFO - There are 1 files in /opt/airflow/dags
[2025-04-22T15:08:14.396+0000] {manager.py:997} INFO - 
================================================================================
DAG File Processing Stats

File Path                    PID    Runtime      # DAGs    # Errors  Last Runtime    Last Run               Last # of DB Queries
---------------------------  -----  ---------  --------  ----------  --------------  -------------------  ----------------------
/opt/airflow/dags/dag_ex.py                           0           1  0.76s           2025-04-22T15:07:46                       5
================================================================================
[2025-04-22T15:08:44.696+0000] {manager.py:997} INFO - 
================================================================================
DAG File Processing Stats

File Path                    PID    Runtime      # DAGs    # Errors  Last Runtime    Last Run               Last # of DB Queries
---------------------------  -----  ---------  --------  ----------  --------------  -------------------  ----------------------
/opt/airflow/dags/dag_ex.py                           0           1  0.55s           2025-04-22T15:08:16                       5
================================================================================
[2025-04-22T15:09:14.832+0000] {manager.py:997} INFO - 
================================================================================
DAG File Processing Stats

File Path                    PID    Runtime      # DAGs    # Errors  Last Runtime    Last Run               Last # of DB Queries
---------------------------  -----  ---------  --------  ----------  --------------  -------------------  ----------------------
/opt/airflow/dags/dag_ex.py                           0           1  0.54s           2025-04-22T15:08:47                       5
================================================================================
[2025-04-22T15:09:45.478+0000] {manager.py:997} INFO - 
================================================================================
DAG File Processing Stats

File Path                    PID    Runtime      # DAGs    # Errors  Last Runtime    Last Run               Last # of DB Queries
---------------------------  -----  ---------  --------  ----------  --------------  -------------------  ----------------------
/opt/airflow/dags/dag_ex.py                           0           1  0.55s           2025-04-22T15:09:18                       5
================================================================================
[2025-04-22T15:10:15.714+0000] {manager.py:997} INFO - 
================================================================================
DAG File Processing Stats

File Path                    PID    Runtime      # DAGs    # Errors  Last Runtime    Last Run               Last # of DB Queries
---------------------------  -----  ---------  --------  ----------  --------------  -------------------  ----------------------
/opt/airflow/dags/dag_ex.py                           0           1  0.57s           2025-04-22T15:09:49                       5
================================================================================
[2025-04-22T15:10:45.886+0000] {manager.py:997} INFO - 
================================================================================
DAG File Processing Stats

File Path                    PID    Runtime      # DAGs    # Errors  Last Runtime    Last Run               Last # of DB Queries
---------------------------  -----  ---------  --------  ----------  --------------  -------------------  ----------------------
/opt/airflow/dags/dag_ex.py                           0           1  0.55s           2025-04-22T15:10:19                       5
================================================================================
[2025-04-22T15:11:16.112+0000] {manager.py:997} INFO - 
================================================================================
DAG File Processing Stats

File Path                    PID    Runtime      # DAGs    # Errors  Last Runtime    Last Run               Last # of DB Queries
---------------------------  -----  ---------  --------  ----------  --------------  -------------------  ----------------------
/opt/airflow/dags/dag_ex.py                           0           1  0.55s           2025-04-22T15:10:50                       5
================================================================================
[2025-04-22T15:11:46.283+0000] {manager.py:997} INFO - 
================================================================================
DAG File Processing Stats

File Path                    PID    Runtime      # DAGs    # Errors  Last Runtime    Last Run               Last # of DB Queries
---------------------------  -----  ---------  --------  ----------  --------------  -------------------  ----------------------
/opt/airflow/dags/dag_ex.py                           0           1  0.57s           2025-04-22T15:11:21                       5
================================================================================
[2025-04-22T15:12:16.514+0000] {manager.py:997} INFO - 
================================================================================
DAG File Processing Stats

File Path                    PID    Runtime      # DAGs    # Errors  Last Runtime    Last Run               Last # of DB Queries
---------------------------  -----  ---------  --------  ----------  --------------  -------------------  ----------------------
/opt/airflow/dags/dag_ex.py                           0           1  0.52s           2025-04-22T15:11:51                       5
================================================================================
[2025-04-22T15:12:46.660+0000] {manager.py:997} INFO - 
================================================================================
DAG File Processing Stats

File Path                    PID    Runtime      # DAGs    # Errors  Last Runtime    Last Run               Last # of DB Queries
---------------------------  -----  ---------  --------  ----------  --------------  -------------------  ----------------------
/opt/airflow/dags/dag_ex.py                           0           1  0.52s           2025-04-22T15:12:22                       5
================================================================================
[2025-04-22T15:13:09.269+0000] {manager.py:821} INFO - Searching for files in /opt/airflow/dags
[2025-04-22T15:13:09.364+0000] {manager.py:824} INFO - There are 1 files in /opt/airflow/dags
[2025-04-22T15:13:17.429+0000] {manager.py:997} INFO - 
================================================================================
DAG File Processing Stats

File Path                    PID    Runtime      # DAGs    # Errors  Last Runtime    Last Run               Last # of DB Queries
---------------------------  -----  ---------  --------  ----------  --------------  -------------------  ----------------------
/opt/airflow/dags/dag_ex.py                           0           1  0.55s           2025-04-22T15:12:53                       5
================================================================================
[2025-04-22T15:13:47.612+0000] {manager.py:997} INFO - 
================================================================================
DAG File Processing Stats

File Path                    PID    Runtime      # DAGs    # Errors  Last Runtime    Last Run               Last # of DB Queries
---------------------------  -----  ---------  --------  ----------  --------------  -------------------  ----------------------
/opt/airflow/dags/dag_ex.py                           0           1  0.52s           2025-04-22T15:13:23                       5
================================================================================
[2025-04-22T15:14:17.794+0000] {manager.py:997} INFO - 
================================================================================
DAG File Processing Stats

File Path                    PID    Runtime      # DAGs    # Errors  Last Runtime    Last Run               Last # of DB Queries
---------------------------  -----  ---------  --------  ----------  --------------  -------------------  ----------------------
/opt/airflow/dags/dag_ex.py                           0           1  0.52s           2025-04-22T15:13:54                       5
================================================================================
[2025-04-22T15:14:47.981+0000] {manager.py:997} INFO - 
================================================================================
DAG File Processing Stats

File Path                    PID    Runtime      # DAGs    # Errors  Last Runtime    Last Run               Last # of DB Queries
---------------------------  -----  ---------  --------  ----------  --------------  -------------------  ----------------------
/opt/airflow/dags/dag_ex.py                           0           1  0.55s           2025-04-22T15:14:25                       5
================================================================================
[2025-04-22T15:15:18.152+0000] {manager.py:997} INFO - 
================================================================================
DAG File Processing Stats

File Path                    PID    Runtime      # DAGs    # Errors  Last Runtime    Last Run               Last # of DB Queries
---------------------------  -----  ---------  --------  ----------  --------------  -------------------  ----------------------
/opt/airflow/dags/dag_ex.py                           0           1  0.57s           2025-04-22T15:14:56                       5
================================================================================
[2025-04-22T15:15:48.428+0000] {manager.py:997} INFO - 
================================================================================
DAG File Processing Stats

File Path                    PID    Runtime      # DAGs    # Errors  Last Runtime    Last Run               Last # of DB Queries
---------------------------  -----  ---------  --------  ----------  --------------  -------------------  ----------------------
/opt/airflow/dags/dag_ex.py                           0           1  0.53s           2025-04-22T15:15:26                       5
================================================================================
[2025-04-22T15:16:18.595+0000] {manager.py:997} INFO - 
================================================================================
DAG File Processing Stats

File Path                    PID    Runtime      # DAGs    # Errors  Last Runtime    Last Run               Last # of DB Queries
---------------------------  -----  ---------  --------  ----------  --------------  -------------------  ----------------------
/opt/airflow/dags/dag_ex.py                           0           1  0.56s           2025-04-22T15:15:57                       5
================================================================================
[2025-04-22T15:16:49.244+0000] {manager.py:997} INFO - 
================================================================================
DAG File Processing Stats

File Path                    PID    Runtime      # DAGs    # Errors  Last Runtime    Last Run               Last # of DB Queries
---------------------------  -----  ---------  --------  ----------  --------------  -------------------  ----------------------
/opt/airflow/dags/dag_ex.py                           0           1  0.65s           2025-04-22T15:16:28                       5
================================================================================
[2025-04-22T15:17:19.650+0000] {manager.py:997} INFO - 
================================================================================
DAG File Processing Stats

File Path                    PID    Runtime      # DAGs    # Errors  Last Runtime    Last Run               Last # of DB Queries
---------------------------  -----  ---------  --------  ----------  --------------  -------------------  ----------------------
/opt/airflow/dags/dag_ex.py                           0           1  0.57s           2025-04-22T15:16:59                       5
================================================================================
[2025-04-22T15:17:49.831+0000] {manager.py:997} INFO - 
================================================================================
DAG File Processing Stats

File Path                    PID    Runtime      # DAGs    # Errors  Last Runtime    Last Run               Last # of DB Queries
---------------------------  -----  ---------  --------  ----------  --------------  -------------------  ----------------------
/opt/airflow/dags/dag_ex.py                           0           1  0.54s           2025-04-22T15:17:29                       5
================================================================================
[2025-04-22T15:18:09.486+0000] {manager.py:821} INFO - Searching for files in /opt/airflow/dags
[2025-04-22T15:18:09.581+0000] {manager.py:824} INFO - There are 1 files in /opt/airflow/dags
[2025-04-22T15:18:20.089+0000] {manager.py:997} INFO - 
================================================================================
DAG File Processing Stats

File Path                    PID    Runtime      # DAGs    # Errors  Last Runtime    Last Run               Last # of DB Queries
---------------------------  -----  ---------  --------  ----------  --------------  -------------------  ----------------------
/opt/airflow/dags/dag_ex.py                           0           1  0.54s           2025-04-22T15:18:00                       5
================================================================================
[2025-04-22T15:18:50.907+0000] {manager.py:997} INFO - 
================================================================================
DAG File Processing Stats

File Path                    PID    Runtime      # DAGs    # Errors  Last Runtime    Last Run               Last # of DB Queries
---------------------------  -----  ---------  --------  ----------  --------------  -------------------  ----------------------
/opt/airflow/dags/dag_ex.py                           0           1  1.09s           2025-04-22T15:18:31                       5
================================================================================
[2025-04-22T15:19:21.133+0000] {manager.py:997} INFO - 
================================================================================
DAG File Processing Stats

File Path                    PID    Runtime      # DAGs    # Errors  Last Runtime    Last Run               Last # of DB Queries
---------------------------  -----  ---------  --------  ----------  --------------  -------------------  ----------------------
/opt/airflow/dags/dag_ex.py                           0           1  0.60s           2025-04-22T15:19:02                       5
================================================================================
[2025-04-22T15:19:51.318+0000] {manager.py:997} INFO - 
================================================================================
DAG File Processing Stats

File Path                    PID    Runtime      # DAGs    # Errors  Last Runtime    Last Run               Last # of DB Queries
---------------------------  -----  ---------  --------  ----------  --------------  -------------------  ----------------------
/opt/airflow/dags/dag_ex.py                           0           1  0.54s           2025-04-22T15:19:33                       5
================================================================================
[2025-04-22T15:20:21.602+0000] {manager.py:997} INFO - 
================================================================================
DAG File Processing Stats

File Path                    PID    Runtime      # DAGs    # Errors  Last Runtime    Last Run               Last # of DB Queries
---------------------------  -----  ---------  --------  ----------  --------------  -------------------  ----------------------
/opt/airflow/dags/dag_ex.py                           0           1  0.78s           2025-04-22T15:20:04                       5
================================================================================
[2025-04-22T15:20:51.784+0000] {manager.py:997} INFO - 
================================================================================
DAG File Processing Stats

File Path                    PID    Runtime      # DAGs    # Errors  Last Runtime    Last Run               Last # of DB Queries
---------------------------  -----  ---------  --------  ----------  --------------  -------------------  ----------------------
/opt/airflow/dags/dag_ex.py                           0           1  0.61s           2025-04-22T15:20:34                       5
================================================================================
[2025-04-22T15:21:21.829+0000] {manager.py:997} INFO - 
================================================================================
DAG File Processing Stats

File Path                    PID    Runtime      # DAGs    # Errors  Last Runtime    Last Run               Last # of DB Queries
---------------------------  -----  ---------  --------  ----------  --------------  -------------------  ----------------------
/opt/airflow/dags/dag_ex.py                           0           1  0.57s           2025-04-22T15:21:05                       5
================================================================================
[2025-04-22T15:21:52.433+0000] {manager.py:997} INFO - 
================================================================================
DAG File Processing Stats

File Path                    PID    Runtime      # DAGs    # Errors  Last Runtime    Last Run               Last # of DB Queries
---------------------------  -----  ---------  --------  ----------  --------------  -------------------  ----------------------
/opt/airflow/dags/dag_ex.py                           0           1  0.55s           2025-04-22T15:21:36                       5
================================================================================
[2025-04-22T15:22:22.715+0000] {manager.py:997} INFO - 
================================================================================
DAG File Processing Stats

File Path                    PID    Runtime      # DAGs    # Errors  Last Runtime    Last Run               Last # of DB Queries
---------------------------  -----  ---------  --------  ----------  --------------  -------------------  ----------------------
/opt/airflow/dags/dag_ex.py                           0           1  0.54s           2025-04-22T15:22:07                       5
================================================================================
[2025-04-22T15:22:52.892+0000] {manager.py:997} INFO - 
================================================================================
DAG File Processing Stats

File Path                    PID    Runtime      # DAGs    # Errors  Last Runtime    Last Run               Last # of DB Queries
---------------------------  -----  ---------  --------  ----------  --------------  -------------------  ----------------------
/opt/airflow/dags/dag_ex.py                           0           1  0.56s           2025-04-22T15:22:37                       5
================================================================================
[2025-04-22T15:23:09.545+0000] {manager.py:821} INFO - Searching for files in /opt/airflow/dags
[2025-04-22T15:23:09.636+0000] {manager.py:824} INFO - There are 1 files in /opt/airflow/dags
[2025-04-22T15:23:23.086+0000] {manager.py:997} INFO - 
================================================================================
DAG File Processing Stats

File Path                    PID    Runtime      # DAGs    # Errors  Last Runtime    Last Run               Last # of DB Queries
---------------------------  -----  ---------  --------  ----------  --------------  -------------------  ----------------------
/opt/airflow/dags/dag_ex.py                           0           1  0.55s           2025-04-22T15:23:08                       5
================================================================================
[2025-04-22T15:23:53.261+0000] {manager.py:997} INFO - 
================================================================================
DAG File Processing Stats

File Path                    PID    Runtime      # DAGs    # Errors  Last Runtime    Last Run               Last # of DB Queries
---------------------------  -----  ---------  --------  ----------  --------------  -------------------  ----------------------
/opt/airflow/dags/dag_ex.py                           0           1  0.57s           2025-04-22T15:23:39                       5
================================================================================
[2025-04-22T15:24:23.319+0000] {manager.py:997} INFO - 
================================================================================
DAG File Processing Stats

File Path                    PID    Runtime      # DAGs    # Errors  Last Runtime    Last Run               Last # of DB Queries
---------------------------  -----  ---------  --------  ----------  --------------  -------------------  ----------------------
/opt/airflow/dags/dag_ex.py                           0           1  0.68s           2025-04-22T15:24:10                       5
================================================================================
[2025-04-22T15:24:53.811+0000] {manager.py:997} INFO - 
================================================================================
DAG File Processing Stats

File Path                    PID    Runtime      # DAGs    # Errors  Last Runtime    Last Run               Last # of DB Queries
---------------------------  -----  ---------  --------  ----------  --------------  -------------------  ----------------------
/opt/airflow/dags/dag_ex.py                           0           1  0.56s           2025-04-22T15:24:40                       5
================================================================================
[2025-04-22T15:25:23.818+0000] {manager.py:997} INFO - 
================================================================================
DAG File Processing Stats

File Path                    PID    Runtime      # DAGs    # Errors  Last Runtime    Last Run               Last # of DB Queries
---------------------------  -----  ---------  --------  ----------  --------------  -------------------  ----------------------
/opt/airflow/dags/dag_ex.py                           0           1  0.59s           2025-04-22T15:25:11                       5
================================================================================
[2025-04-22T15:25:54.420+0000] {manager.py:997} INFO - 
================================================================================
DAG File Processing Stats

File Path                    PID    Runtime      # DAGs    # Errors  Last Runtime    Last Run               Last # of DB Queries
---------------------------  -----  ---------  --------  ----------  --------------  -------------------  ----------------------
/opt/airflow/dags/dag_ex.py                           0           1  0.65s           2025-04-22T15:25:42                       5
================================================================================
[2025-04-22T15:26:24.845+0000] {manager.py:997} INFO - 
================================================================================
DAG File Processing Stats

File Path                    PID    Runtime      # DAGs    # Errors  Last Runtime    Last Run               Last # of DB Queries
---------------------------  -----  ---------  --------  ----------  --------------  -------------------  ----------------------
/opt/airflow/dags/dag_ex.py                           0           1  0.55s           2025-04-22T15:26:13                       5
================================================================================
[2025-04-22T15:26:55.015+0000] {manager.py:997} INFO - 
================================================================================
DAG File Processing Stats

File Path                    PID    Runtime      # DAGs    # Errors  Last Runtime    Last Run               Last # of DB Queries
---------------------------  -----  ---------  --------  ----------  --------------  -------------------  ----------------------
/opt/airflow/dags/dag_ex.py                           0           1  0.57s           2025-04-22T15:26:44                       5
================================================================================
[2025-04-22T15:27:25.295+0000] {manager.py:997} INFO - 
================================================================================
DAG File Processing Stats

File Path                    PID    Runtime      # DAGs    # Errors  Last Runtime    Last Run               Last # of DB Queries
---------------------------  -----  ---------  --------  ----------  --------------  -------------------  ----------------------
/opt/airflow/dags/dag_ex.py                           0           1  0.58s           2025-04-22T15:27:14                       5
================================================================================
[2025-04-22T15:27:55.466+0000] {manager.py:997} INFO - 
================================================================================
DAG File Processing Stats

File Path                    PID    Runtime      # DAGs    # Errors  Last Runtime    Last Run               Last # of DB Queries
---------------------------  -----  ---------  --------  ----------  --------------  -------------------  ----------------------
/opt/airflow/dags/dag_ex.py                           0           1  0.62s           2025-04-22T15:27:45                       5
================================================================================
[2025-04-22T15:28:09.623+0000] {manager.py:821} INFO - Searching for files in /opt/airflow/dags
[2025-04-22T15:28:09.721+0000] {manager.py:824} INFO - There are 1 files in /opt/airflow/dags
[2025-04-22T15:28:25.827+0000] {manager.py:997} INFO - 
================================================================================
DAG File Processing Stats

File Path                    PID    Runtime      # DAGs    # Errors  Last Runtime    Last Run               Last # of DB Queries
---------------------------  -----  ---------  --------  ----------  --------------  -------------------  ----------------------
/opt/airflow/dags/dag_ex.py                           0           1  0.59s           2025-04-22T15:28:16                       5
================================================================================
[2025-04-22T15:28:55.968+0000] {manager.py:997} INFO - 
================================================================================
DAG File Processing Stats

File Path                    PID    Runtime      # DAGs    # Errors  Last Runtime    Last Run               Last # of DB Queries
---------------------------  -----  ---------  --------  ----------  --------------  -------------------  ----------------------
/opt/airflow/dags/dag_ex.py                           0           1  0.58s           2025-04-22T15:28:46                       5
================================================================================
[2025-04-22T15:29:26.559+0000] {manager.py:997} INFO - 
================================================================================
DAG File Processing Stats

File Path                    PID    Runtime      # DAGs    # Errors  Last Runtime    Last Run               Last # of DB Queries
---------------------------  -----  ---------  --------  ----------  --------------  -------------------  ----------------------
/opt/airflow/dags/dag_ex.py                           0           1  0.57s           2025-04-22T15:29:17                       5
================================================================================
[2025-04-22T15:29:56.852+0000] {manager.py:997} INFO - 
================================================================================
DAG File Processing Stats

File Path                    PID    Runtime      # DAGs    # Errors  Last Runtime    Last Run               Last # of DB Queries
---------------------------  -----  ---------  --------  ----------  --------------  -------------------  ----------------------
/opt/airflow/dags/dag_ex.py                           0           1  0.55s           2025-04-22T15:29:48                       5
================================================================================
[2025-04-22T15:30:27.004+0000] {manager.py:997} INFO - 
================================================================================
DAG File Processing Stats

File Path                    PID    Runtime      # DAGs    # Errors  Last Runtime    Last Run               Last # of DB Queries
---------------------------  -----  ---------  --------  ----------  --------------  -------------------  ----------------------
/opt/airflow/dags/dag_ex.py                           0           1  0.56s           2025-04-22T15:30:18                       5
================================================================================
[2025-04-22T15:30:57.605+0000] {manager.py:997} INFO - 
================================================================================
DAG File Processing Stats

File Path                    PID    Runtime      # DAGs    # Errors  Last Runtime    Last Run               Last # of DB Queries
---------------------------  -----  ---------  --------  ----------  --------------  -------------------  ----------------------
/opt/airflow/dags/dag_ex.py                           0           1  0.60s           2025-04-22T15:30:49                       5
================================================================================
[2025-04-22T15:31:27.942+0000] {manager.py:997} INFO - 
================================================================================
DAG File Processing Stats

File Path                    PID    Runtime      # DAGs    # Errors  Last Runtime    Last Run               Last # of DB Queries
---------------------------  -----  ---------  --------  ----------  --------------  -------------------  ----------------------
/opt/airflow/dags/dag_ex.py                           0           1  0.55s           2025-04-22T15:31:20                       5
================================================================================
[2025-04-22T15:31:58.109+0000] {manager.py:997} INFO - 
================================================================================
DAG File Processing Stats

File Path                    PID    Runtime      # DAGs    # Errors  Last Runtime    Last Run               Last # of DB Queries
---------------------------  -----  ---------  --------  ----------  --------------  -------------------  ----------------------
/opt/airflow/dags/dag_ex.py                           0           1  0.51s           2025-04-22T15:31:51                       5
================================================================================
[2025-04-22T15:32:28.325+0000] {manager.py:997} INFO - 
================================================================================
DAG File Processing Stats

File Path                    PID    Runtime      # DAGs    # Errors  Last Runtime    Last Run               Last # of DB Queries
---------------------------  -----  ---------  --------  ----------  --------------  -------------------  ----------------------
/opt/airflow/dags/dag_ex.py                           0           1  0.54s           2025-04-22T15:32:21                       5
================================================================================
[2025-04-22T15:32:58.498+0000] {manager.py:997} INFO - 
================================================================================
DAG File Processing Stats

File Path                    PID    Runtime      # DAGs    # Errors  Last Runtime    Last Run               Last # of DB Queries
---------------------------  -----  ---------  --------  ----------  --------------  -------------------  ----------------------
/opt/airflow/dags/dag_ex.py                           0           1  0.55s           2025-04-22T15:32:52                       5
================================================================================
[2025-04-22T15:33:10.578+0000] {manager.py:821} INFO - Searching for files in /opt/airflow/dags
[2025-04-22T15:33:10.671+0000] {manager.py:824} INFO - There are 1 files in /opt/airflow/dags
[2025-04-22T15:33:28.812+0000] {manager.py:997} INFO - 
================================================================================
DAG File Processing Stats

File Path                    PID    Runtime      # DAGs    # Errors  Last Runtime    Last Run               Last # of DB Queries
---------------------------  -----  ---------  --------  ----------  --------------  -------------------  ----------------------
/opt/airflow/dags/dag_ex.py                           0           1  0.54s           2025-04-22T15:33:23                       5
================================================================================
[2025-04-22T15:33:58.979+0000] {manager.py:997} INFO - 
================================================================================
DAG File Processing Stats

File Path                    PID    Runtime      # DAGs    # Errors  Last Runtime    Last Run               Last # of DB Queries
---------------------------  -----  ---------  --------  ----------  --------------  -------------------  ----------------------
/opt/airflow/dags/dag_ex.py                           0           1  0.55s           2025-04-22T15:33:54                       5
================================================================================
[2025-04-22T15:34:29.223+0000] {manager.py:997} INFO - 
================================================================================
DAG File Processing Stats

File Path                    PID    Runtime      # DAGs    # Errors  Last Runtime    Last Run               Last # of DB Queries
---------------------------  -----  ---------  --------  ----------  --------------  -------------------  ----------------------
/opt/airflow/dags/dag_ex.py                           0           1  0.58s           2025-04-22T15:34:24                       5
================================================================================
[2025-04-22T15:34:59.399+0000] {manager.py:997} INFO - 
================================================================================
DAG File Processing Stats

File Path                    PID    Runtime      # DAGs    # Errors  Last Runtime    Last Run               Last # of DB Queries
---------------------------  -----  ---------  --------  ----------  --------------  -------------------  ----------------------
/opt/airflow/dags/dag_ex.py                           0           1  0.54s           2025-04-22T15:34:55                       5
================================================================================
[2025-04-22T15:35:29.606+0000] {manager.py:997} INFO - 
================================================================================
DAG File Processing Stats

File Path                    PID    Runtime      # DAGs    # Errors  Last Runtime    Last Run               Last # of DB Queries
---------------------------  -----  ---------  --------  ----------  --------------  -------------------  ----------------------
/opt/airflow/dags/dag_ex.py                           0           1  0.53s           2025-04-22T15:35:26                       5
================================================================================
[2025-04-22T15:35:59.777+0000] {manager.py:997} INFO - 
================================================================================
DAG File Processing Stats

File Path                    PID    Runtime      # DAGs    # Errors  Last Runtime    Last Run               Last # of DB Queries
---------------------------  -----  ---------  --------  ----------  --------------  -------------------  ----------------------
/opt/airflow/dags/dag_ex.py                           0           1  0.56s           2025-04-22T15:35:56                       5
================================================================================
[2025-04-22T15:36:29.999+0000] {manager.py:997} INFO - 
================================================================================
DAG File Processing Stats

File Path                    PID    Runtime      # DAGs    # Errors  Last Runtime    Last Run               Last # of DB Queries
---------------------------  -----  ---------  --------  ----------  --------------  -------------------  ----------------------
/opt/airflow/dags/dag_ex.py                           0           1  0.58s           2025-04-22T15:36:27                       5
================================================================================
[2025-04-22T15:37:00.183+0000] {manager.py:997} INFO - 
================================================================================
DAG File Processing Stats

File Path                    PID    Runtime      # DAGs    # Errors  Last Runtime    Last Run               Last # of DB Queries
---------------------------  -----  ---------  --------  ----------  --------------  -------------------  ----------------------
/opt/airflow/dags/dag_ex.py                           0           1  0.59s           2025-04-22T15:36:58                       5
================================================================================
[2025-04-22T15:37:30.456+0000] {manager.py:997} INFO - 
================================================================================
DAG File Processing Stats

File Path                    PID    Runtime      # DAGs    # Errors  Last Runtime    Last Run               Last # of DB Queries
---------------------------  -----  ---------  --------  ----------  --------------  -------------------  ----------------------
/opt/airflow/dags/dag_ex.py                           0           1  0.55s           2025-04-22T15:37:28                       5
================================================================================
[2025-04-22T15:38:00.627+0000] {manager.py:997} INFO - 
================================================================================
DAG File Processing Stats

File Path                    PID    Runtime      # DAGs    # Errors  Last Runtime    Last Run               Last # of DB Queries
---------------------------  -----  ---------  --------  ----------  --------------  -------------------  ----------------------
/opt/airflow/dags/dag_ex.py                           0           1  0.55s           2025-04-22T15:37:59                       5
================================================================================
[2025-04-22T15:38:10.681+0000] {manager.py:821} INFO - Searching for files in /opt/airflow/dags
[2025-04-22T15:38:10.780+0000] {manager.py:824} INFO - There are 1 files in /opt/airflow/dags
[2025-04-22T15:38:30.939+0000] {manager.py:997} INFO - 
================================================================================
DAG File Processing Stats

File Path                    PID    Runtime      # DAGs    # Errors  Last Runtime    Last Run               Last # of DB Queries
---------------------------  -----  ---------  --------  ----------  --------------  -------------------  ----------------------
/opt/airflow/dags/dag_ex.py                           0           1  0.68s           2025-04-22T15:38:30                       5
================================================================================
[2025-04-22T15:39:01.114+0000] {manager.py:997} INFO - 
================================================================================
DAG File Processing Stats

File Path                      PID  Runtime      # DAGs    # Errors  Last Runtime    Last Run               Last # of DB Queries
---------------------------  -----  ---------  --------  ----------  --------------  -------------------  ----------------------
/opt/airflow/dags/dag_ex.py    180  0.33s             0           1  0.68s           2025-04-22T15:38:30                       5
================================================================================
[2025-04-22T15:39:31.288+0000] {manager.py:997} INFO - 
================================================================================
DAG File Processing Stats

File Path                    PID    Runtime      # DAGs    # Errors  Last Runtime    Last Run               Last # of DB Queries
---------------------------  -----  ---------  --------  ----------  --------------  -------------------  ----------------------
/opt/airflow/dags/dag_ex.py                           0           1  0.60s           2025-04-22T15:39:01                       5
================================================================================
[2025-04-22T15:40:01.716+0000] {manager.py:997} INFO - 
================================================================================
DAG File Processing Stats

File Path                    PID    Runtime      # DAGs    # Errors  Last Runtime    Last Run               Last # of DB Queries
---------------------------  -----  ---------  --------  ----------  --------------  -------------------  ----------------------
/opt/airflow/dags/dag_ex.py                           0           1  0.56s           2025-04-22T15:39:32                       5
================================================================================
[2025-04-22T15:40:31.899+0000] {manager.py:997} INFO - 
================================================================================
DAG File Processing Stats

File Path                    PID    Runtime      # DAGs    # Errors  Last Runtime    Last Run               Last # of DB Queries
---------------------------  -----  ---------  --------  ----------  --------------  -------------------  ----------------------
/opt/airflow/dags/dag_ex.py                           0           1  0.54s           2025-04-22T15:40:02                       5
================================================================================
[2025-04-22T15:41:02.133+0000] {manager.py:997} INFO - 
================================================================================
DAG File Processing Stats

File Path                    PID    Runtime      # DAGs    # Errors  Last Runtime    Last Run               Last # of DB Queries
---------------------------  -----  ---------  --------  ----------  --------------  -------------------  ----------------------
/opt/airflow/dags/dag_ex.py                           0           1  0.54s           2025-04-22T15:40:33                       5
================================================================================
[2025-04-22T15:41:32.319+0000] {manager.py:997} INFO - 
================================================================================
DAG File Processing Stats

File Path                    PID    Runtime      # DAGs    # Errors  Last Runtime    Last Run               Last # of DB Queries
---------------------------  -----  ---------  --------  ----------  --------------  -------------------  ----------------------
/opt/airflow/dags/dag_ex.py                           0           1  0.53s           2025-04-22T15:41:04                       5
================================================================================
[2025-04-22T15:42:02.515+0000] {manager.py:997} INFO - 
================================================================================
DAG File Processing Stats

File Path                    PID    Runtime      # DAGs    # Errors  Last Runtime    Last Run               Last # of DB Queries
---------------------------  -----  ---------  --------  ----------  --------------  -------------------  ----------------------
/opt/airflow/dags/dag_ex.py                           0           1  0.55s           2025-04-22T15:41:34                       5
================================================================================
[2025-04-22T15:42:32.689+0000] {manager.py:997} INFO - 
================================================================================
DAG File Processing Stats

File Path                    PID    Runtime      # DAGs    # Errors  Last Runtime    Last Run               Last # of DB Queries
---------------------------  -----  ---------  --------  ----------  --------------  -------------------  ----------------------
/opt/airflow/dags/dag_ex.py                           0           1  0.54s           2025-04-22T15:42:05                       5
================================================================================
[2025-04-22T15:43:02.895+0000] {manager.py:997} INFO - 
================================================================================
DAG File Processing Stats

File Path                    PID    Runtime      # DAGs    # Errors  Last Runtime    Last Run               Last # of DB Queries
---------------------------  -----  ---------  --------  ----------  --------------  -------------------  ----------------------
/opt/airflow/dags/dag_ex.py                           0           1  0.53s           2025-04-22T15:42:36                       5
================================================================================
[2025-04-22T15:43:10.941+0000] {manager.py:821} INFO - Searching for files in /opt/airflow/dags
[2025-04-22T15:43:11.036+0000] {manager.py:824} INFO - There are 1 files in /opt/airflow/dags
[2025-04-22T15:43:33.193+0000] {manager.py:997} INFO - 
================================================================================
DAG File Processing Stats

File Path                    PID    Runtime      # DAGs    # Errors  Last Runtime    Last Run               Last # of DB Queries
---------------------------  -----  ---------  --------  ----------  --------------  -------------------  ----------------------
/opt/airflow/dags/dag_ex.py                           0           1  0.55s           2025-04-22T15:43:06                       5
================================================================================
[2025-04-22T15:44:03.392+0000] {manager.py:997} INFO - 
================================================================================
DAG File Processing Stats

File Path                    PID    Runtime      # DAGs    # Errors  Last Runtime    Last Run               Last # of DB Queries
---------------------------  -----  ---------  --------  ----------  --------------  -------------------  ----------------------
/opt/airflow/dags/dag_ex.py                           0           1  0.65s           2025-04-22T15:43:37                       5
================================================================================
[2025-04-22T15:44:33.582+0000] {manager.py:997} INFO - 
================================================================================
DAG File Processing Stats

File Path                    PID    Runtime      # DAGs    # Errors  Last Runtime    Last Run               Last # of DB Queries
---------------------------  -----  ---------  --------  ----------  --------------  -------------------  ----------------------
/opt/airflow/dags/dag_ex.py                           0           1  0.54s           2025-04-22T15:44:08                       5
================================================================================
[2025-04-22T15:45:03.914+0000] {manager.py:997} INFO - 
================================================================================
DAG File Processing Stats

File Path                    PID    Runtime      # DAGs    # Errors  Last Runtime    Last Run               Last # of DB Queries
---------------------------  -----  ---------  --------  ----------  --------------  -------------------  ----------------------
/opt/airflow/dags/dag_ex.py                           0           1  0.57s           2025-04-22T15:44:39                       5
================================================================================
[2025-04-22T15:45:34.118+0000] {manager.py:997} INFO - 
================================================================================
DAG File Processing Stats

File Path                    PID    Runtime      # DAGs    # Errors  Last Runtime    Last Run               Last # of DB Queries
---------------------------  -----  ---------  --------  ----------  --------------  -------------------  ----------------------
/opt/airflow/dags/dag_ex.py                           0           1  0.56s           2025-04-22T15:45:09                       5
================================================================================
[2025-04-22T15:46:04.127+0000] {manager.py:997} INFO - 
================================================================================
DAG File Processing Stats

File Path                    PID    Runtime      # DAGs    # Errors  Last Runtime    Last Run               Last # of DB Queries
---------------------------  -----  ---------  --------  ----------  --------------  -------------------  ----------------------
/opt/airflow/dags/dag_ex.py                           0           1  0.82s           2025-04-22T15:45:40                       5
================================================================================
[2025-04-22T15:46:34.912+0000] {manager.py:997} INFO - 
================================================================================
DAG File Processing Stats

File Path                    PID    Runtime      # DAGs    # Errors  Last Runtime    Last Run               Last # of DB Queries
---------------------------  -----  ---------  --------  ----------  --------------  -------------------  ----------------------
/opt/airflow/dags/dag_ex.py                           0           1  0.60s           2025-04-22T15:46:11                       5
================================================================================
[2025-04-22T15:47:05.110+0000] {manager.py:997} INFO - 
================================================================================
DAG File Processing Stats

File Path                    PID    Runtime      # DAGs    # Errors  Last Runtime    Last Run               Last # of DB Queries
---------------------------  -----  ---------  --------  ----------  --------------  -------------------  ----------------------
/opt/airflow/dags/dag_ex.py                           0           1  0.68s           2025-04-22T15:46:42                       5
================================================================================
[2025-04-22T15:47:35.302+0000] {manager.py:997} INFO - 
================================================================================
DAG File Processing Stats

File Path                    PID    Runtime      # DAGs    # Errors  Last Runtime    Last Run               Last # of DB Queries
---------------------------  -----  ---------  --------  ----------  --------------  -------------------  ----------------------
/opt/airflow/dags/dag_ex.py                           0           1  0.66s           2025-04-22T15:47:13                       5
================================================================================
[2025-04-22T15:48:05.478+0000] {manager.py:997} INFO - 
================================================================================
DAG File Processing Stats

File Path                    PID    Runtime      # DAGs    # Errors  Last Runtime    Last Run               Last # of DB Queries
---------------------------  -----  ---------  --------  ----------  --------------  -------------------  ----------------------
/opt/airflow/dags/dag_ex.py                           0           1  0.62s           2025-04-22T15:47:44                       5
================================================================================
[2025-04-22T15:48:11.510+0000] {manager.py:821} INFO - Searching for files in /opt/airflow/dags
[2025-04-22T15:48:11.619+0000] {manager.py:824} INFO - There are 1 files in /opt/airflow/dags
[2025-04-22T15:48:36.035+0000] {manager.py:997} INFO - 
================================================================================
DAG File Processing Stats

File Path                    PID    Runtime      # DAGs    # Errors  Last Runtime    Last Run               Last # of DB Queries
---------------------------  -----  ---------  --------  ----------  --------------  -------------------  ----------------------
/opt/airflow/dags/dag_ex.py                           0           1  0.57s           2025-04-22T15:48:15                       5
================================================================================
[2025-04-22T15:49:06.204+0000] {manager.py:997} INFO - 
================================================================================
DAG File Processing Stats

File Path                    PID    Runtime      # DAGs    # Errors  Last Runtime    Last Run               Last # of DB Queries
---------------------------  -----  ---------  --------  ----------  --------------  -------------------  ----------------------
/opt/airflow/dags/dag_ex.py                           0           1  0.64s           2025-04-22T15:48:46                       5
================================================================================
[2025-04-22T15:49:36.311+0000] {manager.py:997} INFO - 
================================================================================
DAG File Processing Stats

File Path                    PID    Runtime      # DAGs    # Errors  Last Runtime    Last Run               Last # of DB Queries
---------------------------  -----  ---------  --------  ----------  --------------  -------------------  ----------------------
/opt/airflow/dags/dag_ex.py                           0           1  0.89s           2025-04-22T15:49:17                       5
================================================================================
[2025-04-22T15:50:06.975+0000] {manager.py:997} INFO - 
================================================================================
DAG File Processing Stats

File Path                    PID    Runtime      # DAGs    # Errors  Last Runtime    Last Run               Last # of DB Queries
---------------------------  -----  ---------  --------  ----------  --------------  -------------------  ----------------------
/opt/airflow/dags/dag_ex.py                           0           1  0.65s           2025-04-22T15:49:48                       5
================================================================================
[2025-04-22T15:50:37.185+0000] {manager.py:997} INFO - 
================================================================================
DAG File Processing Stats

File Path                    PID    Runtime      # DAGs    # Errors  Last Runtime    Last Run               Last # of DB Queries
---------------------------  -----  ---------  --------  ----------  --------------  -------------------  ----------------------
/opt/airflow/dags/dag_ex.py                           0           1  0.86s           2025-04-22T15:50:19                       5
================================================================================
[2025-04-22T15:51:07.391+0000] {manager.py:997} INFO - 
================================================================================
DAG File Processing Stats

File Path                    PID    Runtime      # DAGs    # Errors  Last Runtime    Last Run               Last # of DB Queries
---------------------------  -----  ---------  --------  ----------  --------------  -------------------  ----------------------
/opt/airflow/dags/dag_ex.py                           0           1  0.64s           2025-04-22T15:50:49                       5
================================================================================
[2025-04-22T15:51:37.591+0000] {manager.py:997} INFO - 
================================================================================
DAG File Processing Stats

File Path                    PID    Runtime      # DAGs    # Errors  Last Runtime    Last Run               Last # of DB Queries
---------------------------  -----  ---------  --------  ----------  --------------  -------------------  ----------------------
/opt/airflow/dags/dag_ex.py                           0           1  0.66s           2025-04-22T15:51:20                       5
================================================================================
[2025-04-22T15:52:07.739+0000] {manager.py:997} INFO - 
================================================================================
DAG File Processing Stats

File Path                    PID    Runtime      # DAGs    # Errors  Last Runtime    Last Run               Last # of DB Queries
---------------------------  -----  ---------  --------  ----------  --------------  -------------------  ----------------------
/opt/airflow/dags/dag_ex.py                           0           1  0.65s           2025-04-22T15:51:51                       5
================================================================================
[2025-04-22T15:52:38.273+0000] {manager.py:997} INFO - 
================================================================================
DAG File Processing Stats

File Path                    PID    Runtime      # DAGs    # Errors  Last Runtime    Last Run               Last # of DB Queries
---------------------------  -----  ---------  --------  ----------  --------------  -------------------  ----------------------
/opt/airflow/dags/dag_ex.py                           0           1  0.66s           2025-04-22T15:52:22                       5
================================================================================
[2025-04-22T15:53:08.472+0000] {manager.py:997} INFO - 
================================================================================
DAG File Processing Stats

File Path                    PID    Runtime      # DAGs    # Errors  Last Runtime    Last Run               Last # of DB Queries
---------------------------  -----  ---------  --------  ----------  --------------  -------------------  ----------------------
/opt/airflow/dags/dag_ex.py                           0           1  0.77s           2025-04-22T15:52:53                       5
================================================================================
[2025-04-22T15:53:11.555+0000] {manager.py:821} INFO - Searching for files in /opt/airflow/dags
[2025-04-22T15:53:11.672+0000] {manager.py:824} INFO - There are 1 files in /opt/airflow/dags
[2025-04-22T15:53:38.859+0000] {manager.py:997} INFO - 
================================================================================
DAG File Processing Stats

File Path                    PID    Runtime      # DAGs    # Errors  Last Runtime    Last Run               Last # of DB Queries
---------------------------  -----  ---------  --------  ----------  --------------  -------------------  ----------------------
/opt/airflow/dags/dag_ex.py                           0           1  0.63s           2025-04-22T15:53:24                       5
================================================================================
[2025-04-22T15:54:09.150+0000] {manager.py:997} INFO - 
================================================================================
DAG File Processing Stats

File Path                    PID    Runtime      # DAGs    # Errors  Last Runtime    Last Run               Last # of DB Queries
---------------------------  -----  ---------  --------  ----------  --------------  -------------------  ----------------------
/opt/airflow/dags/dag_ex.py                           0           1  0.61s           2025-04-22T15:53:55                       5
================================================================================
[2025-04-22T15:54:39.293+0000] {manager.py:997} INFO - 
================================================================================
DAG File Processing Stats

File Path                    PID    Runtime      # DAGs    # Errors  Last Runtime    Last Run               Last # of DB Queries
---------------------------  -----  ---------  --------  ----------  --------------  -------------------  ----------------------
/opt/airflow/dags/dag_ex.py                           0           1  0.90s           2025-04-22T15:54:26                       5
================================================================================
[2025-04-22T15:55:09.366+0000] {manager.py:997} INFO - 
================================================================================
DAG File Processing Stats

File Path                    PID    Runtime      # DAGs    # Errors  Last Runtime    Last Run               Last # of DB Queries
---------------------------  -----  ---------  --------  ----------  --------------  -------------------  ----------------------
/opt/airflow/dags/dag_ex.py                           0           1  0.84s           2025-04-22T15:54:57                       5
================================================================================
[2025-04-22T15:55:39.384+0000] {manager.py:997} INFO - 
================================================================================
DAG File Processing Stats

File Path                    PID    Runtime      # DAGs    # Errors  Last Runtime    Last Run               Last # of DB Queries
---------------------------  -----  ---------  --------  ----------  --------------  -------------------  ----------------------
/opt/airflow/dags/dag_ex.py                           0           1  0.81s           2025-04-22T15:55:28                       5
================================================================================
